<?xml version="1.0" encoding="UTF-8"?>
<!-- Generated by org.testng.reporters.JUnitXMLReporter -->
<testsuite ignored="1" hostname="DESKTOP-QBF8APR" failures="0" tests="13" name="chrometest" time="300.271" errors="0" timestamp="2024-09-16T14:55:22 IST">
  <testcase classname="testCases.TC001_HomePage" name="HomeContents" time="71.816"/>
  <testcase classname="testCases.TC002_LoginPage" name="Sucessfullogin" time="9.105"/>
  <testcase classname="testCases.TC002_LoginPage" name="InvalidPass" time="5.72"/>
  <testcase classname="testCases.TC002_LoginPage" name="InvalidUser" time="6.805"/>
  <testcase classname="testCases.TC002_LoginPage" name="LostPassword" time="5.669"/>
  <testcase classname="testCases.TC004_LoginDDT" name="verify_loginDDT" time="15.134"/>
  <testcase classname="testCases.TC004_LoginDDT" name="verify_loginDDT" time="14.006"/>
  <testcase classname="testCases.TC004_LoginDDT" name="verify_loginDDT" time="5.061"/>
  <testcase classname="testCases.TC004_LoginDDT" name="verify_loginDDT" time="14.536"/>
  <testcase classname="testCases.TC004_LoginDDT" name="verify_loginDDT" time="13.837"/>
  <testcase classname="testCases.TC005_SearchPage" name="SearchPage" time="17.223"/>
  <testcase classname="testCases.TC006_PaymentPage" name="SearchPage" time="24.787"/>
  <testcase classname="testCases.TC007_EndtoEndTest" name="endToendTest" time="33.331"/>
  <testcase classname="testCases.TC003_DashBoardPage" name="DashBoardContents" time="0.0">
    <ignored/>
  </testcase> <!-- DashBoardContents -->
</testsuite> <!-- chrometest -->
