<?xml version="1.0" encoding="UTF-8"?>
<!-- Generated by org.testng.reporters.JUnitXMLReporter -->
<testsuite ignored="0" hostname="DESKTOP-QBF8APR" failures="0" tests="4" name="edgetest" time="62.33" errors="0" timestamp="2024-09-16T13:06:57 IST">
  <testcase classname="testCases.TC002_LoginPage" name="Sucessfullogin" time="11.768"/>
  <testcase classname="testCases.TC002_LoginPage" name="InvalidPass" time="7.439"/>
  <testcase classname="testCases.TC002_LoginPage" name="InvalidUser" time="7.668"/>
  <testcase classname="testCases.TC002_LoginPage" name="LostPassword" time="7.933"/>
</testsuite> <!-- edgetest -->
