<?xml version="1.0" encoding="UTF-8"?>
<testng-results ignored="0" total="2" passed="2" failed="0" skipped="0">
  <reporter-output>
  </reporter-output>
  <suite started-at="2024-09-18T19:23:14 IST" name="Grid" finished-at="2024-09-18T19:26:22 IST" duration-ms="188437">
    <groups>
      <group name="Master">
        <method signature="TC007_EndtoEndTest.endToendTest()[pri:0, instance:testCases.TC007_EndtoEndTest@496bc455]" name="endToendTest" class="testCases.TC007_EndtoEndTest"/>
        <method signature="TC007_EndtoEndTest.endToendTest()[pri:0, instance:testCases.TC007_EndtoEndTest@7bd7d6d6]" name="endToendTest" class="testCases.TC007_EndtoEndTest"/>
      </group> <!-- Master -->
    </groups>
    <test started-at="2024-09-18T19:23:14 IST" name="Linux-Chrome" finished-at="2024-09-18T19:24:57 IST" duration-ms="103563">
      <class name="testCases.TC007_EndtoEndTest">
        <test-method is-config="true" signature="setup(java.lang.String,java.lang.String)[pri:0, instance:testCases.TC007_EndtoEndTest@496bc455]" started-at="2024-09-18T19:23:14 IST" name="setup" finished-at="2024-09-18T19:24:08 IST" duration-ms="54169" status="PASS">
          <params>
            <param index="0">
              <value>
                <![CDATA[Linux]]>
              </value>
            </param>
            <param index="1">
              <value>
                <![CDATA[chrome]]>
              </value>
            </param>
          </params>
          <reporter-output>
          </reporter-output>
        </test-method> <!-- setup -->
        <test-method signature="endToendTest()[pri:0, instance:testCases.TC007_EndtoEndTest@496bc455]" started-at="2024-09-18T19:24:09 IST" name="endToendTest" finished-at="2024-09-18T19:24:56 IST" duration-ms="47846" status="PASS">
          <reporter-output>
          </reporter-output>
        </test-method> <!-- endToendTest -->
        <test-method is-config="true" signature="tearDown()[pri:0, instance:testCases.TC007_EndtoEndTest@496bc455]" started-at="2024-09-18T19:24:57 IST" name="tearDown" finished-at="2024-09-18T19:24:57 IST" duration-ms="617" status="PASS">
          <reporter-output>
          </reporter-output>
        </test-method> <!-- tearDown -->
      </class> <!-- testCases.TC007_EndtoEndTest -->
    </test> <!-- Linux-Chrome -->
    <test started-at="2024-09-18T19:25:01 IST" name="Linux-Firefox" finished-at="2024-09-18T19:26:22 IST" duration-ms="80809">
      <class name="testCases.TC007_EndtoEndTest">
        <test-method is-config="true" signature="setup(java.lang.String,java.lang.String)[pri:0, instance:testCases.TC007_EndtoEndTest@7bd7d6d6]" started-at="2024-09-18T19:25:01 IST" name="setup" finished-at="2024-09-18T19:25:35 IST" duration-ms="34096" status="PASS">
          <params>
            <param index="0">
              <value>
                <![CDATA[Linux]]>
              </value>
            </param>
            <param index="1">
              <value>
                <![CDATA[firefox]]>
              </value>
            </param>
          </params>
          <reporter-output>
          </reporter-output>
        </test-method> <!-- setup -->
        <test-method signature="endToendTest()[pri:0, instance:testCases.TC007_EndtoEndTest@7bd7d6d6]" started-at="2024-09-18T19:25:35 IST" name="endToendTest" finished-at="2024-09-18T19:26:20 IST" duration-ms="44139" status="PASS">
          <reporter-output>
          </reporter-output>
        </test-method> <!-- endToendTest -->
        <test-method is-config="true" signature="tearDown()[pri:0, instance:testCases.TC007_EndtoEndTest@7bd7d6d6]" started-at="2024-09-18T19:26:20 IST" name="tearDown" finished-at="2024-09-18T19:26:22 IST" duration-ms="2510" status="PASS">
          <reporter-output>
          </reporter-output>
        </test-method> <!-- tearDown -->
      </class> <!-- testCases.TC007_EndtoEndTest -->
    </test> <!-- Linux-Firefox -->
  </suite> <!-- Grid -->
</testng-results>
