<?xml version="1.0" encoding="UTF-8"?>
<!-- Generated by org.testng.reporters.JUnitXMLReporter -->
<testsuite ignored="0" hostname="DESKTOP-QBF8APR" failures="0" tests="13" name="Test" time="330.274" errors="0" timestamp="2024-09-15T20:00:40 IST">
  <testcase classname="testCases.TC001_HomePage" name="HomeContents" time="73.866"/>
  <testcase classname="testCases.TC002_LoginPage" name="Sucessfullogin" time="8.368"/>
  <testcase classname="testCases.TC002_LoginPage" name="InvalidPass" time="5.43"/>
  <testcase classname="testCases.TC002_LoginPage" name="InvalidUser" time="7.072"/>
  <testcase classname="testCases.TC002_LoginPage" name="LostPassword" time="5.604"/>
  <testcase classname="testCases.TC003_DashBoardPage" name="DashBoardContents" time="60.6"/>
  <testcase classname="testCases.TC004_LoginDDT" name="verify_loginDDT" time="16.07"/>
  <testcase classname="testCases.TC004_LoginDDT" name="verify_loginDDT" time="13.703"/>
  <testcase classname="testCases.TC004_LoginDDT" name="verify_loginDDT" time="5.725"/>
  <testcase classname="testCases.TC004_LoginDDT" name="verify_loginDDT" time="13.926"/>
  <testcase classname="testCases.TC004_LoginDDT" name="verify_loginDDT" time="13.896"/>
  <testcase classname="testCases.TC005_SearchPage" name="SearchPage" time="17.519"/>
  <testcase classname="testCases.TC006_PaymentPage" name="SearchPage" time="24.501"/>
</testsuite> <!-- Test -->
