<?xml version="1.0" encoding="UTF-8"?>
<!-- Generated by org.testng.reporters.JUnitReportReporter -->
<testsuite hostname="DESKTOP-QBF8APR" failures="0" tests="2" name="testCases.TC007_EndtoEndTest" time="91.985" errors="0" timestamp="2024-09-18T19:26:25 IST" skipped="0">
  <testcase classname="testCases.TC007_EndtoEndTest" name="endToendTest" time="47.846"/>
  <testcase classname="testCases.TC007_EndtoEndTest" name="endToendTest" time="44.139"/>
</testsuite> <!-- testCases.TC007_EndtoEndTest -->
